SF:lib/src/core/error/failure.dart
DA:4,1
DA:5,1
LF:2
LH:2
end_of_record
SF:lib/src/core/network_state/network_state.dart
DA:6,0
DA:7,0
DA:10,0
DA:12,0
DA:14,0
DA:15,0
DA:21,0
DA:25,0
DA:26,0
DA:27,0
DA:34,0
LF:11
LH:0
end_of_record
SF:lib/src/data/data_sources/remote_datasources.dart
DA:8,0
DA:11,0
LF:2
LH:0
end_of_record
SF:lib/src/data/model/weather_data_model.dart
DA:5,1
DA:9,1
DA:11,0
DA:12,0
DA:13,0
DA:14,0
DA:15,0
DA:16,0
DA:23,1
DA:27,0
DA:28,0
DA:31,0
DA:32,0
DA:36,1
DA:42,0
DA:43,0
DA:44,0
DA:47,0
DA:48,0
LF:19
LH:4
end_of_record
SF:lib/src/data/repositories/weather_repository.dart
DA:16,1
DA:23,1
DA:25,3
DA:28,3
DA:29,3
DA:31,1
DA:32,1
DA:33,2
DA:37,3
DA:38,1
DA:39,1
DA:40,2
LF:12
LH:12
end_of_record
SF:lib/src/domain/entities/weather_data.dart
DA:9,1
DA:15,0
DA:16,0
LF:3
LH:1
end_of_record
